[INFO] Scanning for projects...
[INFO] Reactor build order: 
[INFO]   clipper
[INFO]   Clipper Reasoner
[INFO]   Clipper Command Line Interface
[INFO]   Clipper Distribution
[INFO] ------------------------------------------------------------------------
[INFO] Building clipper
[INFO]    task-segment: [clean]
[INFO] ------------------------------------------------------------------------
[INFO] [clean:clean {execution: default-clean}]
[INFO] ------------------------------------------------------------------------
[INFO] Building Clipper Reasoner
[INFO]    task-segment: [clean]
[INFO] ------------------------------------------------------------------------
[INFO] [clean:clean {execution: default-clean}]
[INFO] Deleting file set: /home/edgar/research/workshop.rpi/software/clipper-src/clipper-reasoner/target (included: [**], excluded: [])
[INFO] ------------------------------------------------------------------------
[INFO] Building Clipper Command Line Interface
[INFO]    task-segment: [clean]
[INFO] ------------------------------------------------------------------------
[INFO] [clean:clean {execution: default-clean}]
[INFO] Deleting file set: /home/edgar/research/workshop.rpi/software/clipper-src/clipper-cli/target (included: [**], excluded: [])
[INFO] ------------------------------------------------------------------------
[INFO] Building Clipper Distribution
[INFO]    task-segment: [clean]
[INFO] ------------------------------------------------------------------------
[INFO] [clean:clean {execution: default-clean}]
[INFO] Deleting file set: /home/edgar/research/workshop.rpi/software/clipper-src/clipper-distribution/target (included: [**], excluded: [])
[INFO] 
[INFO] 
[INFO] ------------------------------------------------------------------------
[INFO] Reactor Summary:
[INFO] ------------------------------------------------------------------------
[INFO] clipper ............................................... SUCCESS [0.405s]
[INFO] Clipper Reasoner ...................................... SUCCESS [0.100s]
[INFO] Clipper Command Line Interface ........................ SUCCESS [0.060s]
[INFO] Clipper Distribution .................................. SUCCESS [0.092s]
[INFO] ------------------------------------------------------------------------
[INFO] ------------------------------------------------------------------------
[INFO] BUILD SUCCESSFUL
[INFO] ------------------------------------------------------------------------
[INFO] Total time: < 1 second
[INFO] Finished at: Wed Aug 01 12:34:48 EDT 2012
[INFO] Final Memory: 8M/151M
[INFO] ------------------------------------------------------------------------
[INFO] Scanning for projects...
[INFO] Reactor build order: 
[INFO]   clipper
[INFO]   Clipper Reasoner
[INFO]   Clipper Command Line Interface
[INFO]   Clipper Distribution
[INFO] ------------------------------------------------------------------------
[INFO] Building clipper
[INFO]    task-segment: [install]
[INFO] ------------------------------------------------------------------------
[INFO] [site:attach-descriptor {execution: default-attach-descriptor}]
[INFO] [install:install {execution: default-install}]
[INFO] Installing /home/edgar/research/workshop.rpi/software/clipper-src/pom.xml to /home/edgar/.m2/repository/org/semanticweb/clipper/clipper-parent/0.2-SNAPSHOT/clipper-parent-0.2-SNAPSHOT.pom
[INFO] ------------------------------------------------------------------------
[INFO] Building Clipper Reasoner
[INFO]    task-segment: [install]
[INFO] ------------------------------------------------------------------------
[INFO] [antlr3:antlr {execution: default}]
[INFO] ANTLR: Processing source directory /home/edgar/research/workshop.rpi/software/clipper-src/clipper-reasoner/src/main/antlr3
org/semanticweb/clipper/dllog/DLLog.g
org/semanticweb/clipper/hornshiq/sparql/Sparql.g
[INFO] [resources:resources {execution: default-resources}]
[INFO] Using 'UTF-8' encoding to copy filtered resources.
[INFO] Copying 1 resource
[INFO] [compiler:compile {execution: default-compile}]
[INFO] Compiling 78 source files to /home/edgar/research/workshop.rpi/software/clipper-src/clipper-reasoner/target/classes
[INFO] [resources:testResources {execution: default-testResources}]
[INFO] Using 'UTF-8' encoding to copy filtered resources.
[INFO] Copying 1 resource
[INFO] [compiler:testCompile {execution: default-testCompile}]
[INFO] Not compiling test sources
[INFO] [surefire:test {execution: default-test}]
[INFO] Tests are skipped.
[INFO] [jar:jar {execution: default-jar}]
[INFO] Building jar: /home/edgar/research/workshop.rpi/software/clipper-src/clipper-reasoner/target/clipper-reasoner-0.2-SNAPSHOT.jar
[INFO] [install:install {execution: default-install}]
[INFO] Installing /home/edgar/research/workshop.rpi/software/clipper-src/clipper-reasoner/target/clipper-reasoner-0.2-SNAPSHOT.jar to /home/edgar/.m2/repository/org/semanticweb/clipper/clipper-reasoner/0.2-SNAPSHOT/clipper-reasoner-0.2-SNAPSHOT.jar
[INFO] ------------------------------------------------------------------------
[INFO] Building Clipper Command Line Interface
[INFO]    task-segment: [install]
[INFO] ------------------------------------------------------------------------
[INFO] [resources:resources {execution: default-resources}]
[INFO] Using 'UTF-8' encoding to copy filtered resources.
[INFO] Copying 1 resource
[INFO] [compiler:compile {execution: default-compile}]
[INFO] Compiling 16 source files to /home/edgar/research/workshop.rpi/software/clipper-src/clipper-cli/target/classes
[INFO] [resources:testResources {execution: default-testResources}]
[INFO] Using 'UTF-8' encoding to copy filtered resources.
[INFO] Copying 3 resources
[INFO] [compiler:testCompile {execution: default-testCompile}]
[INFO] Not compiling test sources
[INFO] [surefire:test {execution: default-test}]
[INFO] Tests are skipped.
[INFO] [jar:jar {execution: default-jar}]
[INFO] Building jar: /home/edgar/research/workshop.rpi/software/clipper-src/clipper-cli/target/clipper-cli-0.2-SNAPSHOT.jar
[INFO] [install:install {execution: default-install}]
[INFO] Installing /home/edgar/research/workshop.rpi/software/clipper-src/clipper-cli/target/clipper-cli-0.2-SNAPSHOT.jar to /home/edgar/.m2/repository/org/semanticweb/clipper/clipper-cli/0.2-SNAPSHOT/clipper-cli-0.2-SNAPSHOT.jar
[INFO] ------------------------------------------------------------------------
[INFO] Building Clipper Distribution
[INFO]    task-segment: [install]
[INFO] ------------------------------------------------------------------------
[INFO] [site:attach-descriptor {execution: default-attach-descriptor}]
[INFO] [install:install {execution: default-install}]
[INFO] Installing /home/edgar/research/workshop.rpi/software/clipper-src/clipper-distribution/pom.xml to /home/edgar/.m2/repository/org/semanticweb/clipper/clipper-distribution/0.2-SNAPSHOT/clipper-distribution-0.2-SNAPSHOT.pom
[INFO] 
[INFO] 
[INFO] ------------------------------------------------------------------------
[INFO] Reactor Summary:
[INFO] ------------------------------------------------------------------------
[INFO] clipper ............................................... SUCCESS [1.274s]
[INFO] Clipper Reasoner ...................................... SUCCESS [7.417s]
[INFO] Clipper Command Line Interface ........................ SUCCESS [1.428s]
[INFO] Clipper Distribution .................................. SUCCESS [0.043s]
[INFO] ------------------------------------------------------------------------
[INFO] ------------------------------------------------------------------------
[INFO] BUILD SUCCESSFUL
[INFO] ------------------------------------------------------------------------
[INFO] Total time: 10 seconds
[INFO] Finished at: Wed Aug 01 12:34:58 EDT 2012
[INFO] Final Memory: 56M/480M
[INFO] ------------------------------------------------------------------------
[INFO] Scanning for projects...
[INFO] ------------------------------------------------------------------------
[INFO] Building Clipper Distribution
[INFO]    task-segment: [assembly:assembly] (aggregator-style)
[INFO] ------------------------------------------------------------------------
[INFO] Preparing assembly:assembly
[INFO] ------------------------------------------------------------------------
[INFO] Building Clipper Distribution
[INFO] ------------------------------------------------------------------------
[INFO] [site:attach-descriptor {execution: default-attach-descriptor}]
[INFO] [assembly:assembly {execution: default-cli}]
[INFO] Reading assembly descriptor: src/main/assembly/assembly.xml
[INFO] Building zip: /home/edgar/research/workshop.rpi/software/clipper-src/clipper-distribution/target/clipper-bin.zip
[INFO] ------------------------------------------------------------------------
[INFO] BUILD SUCCESSFUL
[INFO] ------------------------------------------------------------------------
[INFO] Total time: 3 seconds
[INFO] Finished at: Wed Aug 01 12:35:03 EDT 2012
[INFO] Final Memory: 30M/588M
[INFO] ------------------------------------------------------------------------
Archive:  target/clipper-bin.zip
   creating: target/clipper/
  inflating: target/clipper/set_path.sh  
  inflating: target/clipper/clipper.sh  
   creating: target/clipper/lib/
  inflating: target/clipper/lib/clipper-reasoner-0.2-SNAPSHOT.jar  
  inflating: target/clipper/lib/owlapi-3.2.4.jar  
  inflating: target/clipper/lib/DLVWrapper-4.2.jar  
  inflating: target/clipper/lib/trove4j-3.0.2.jar  
  inflating: target/clipper/lib/antlr-runtime-3.4.jar  
  inflating: target/clipper/lib/stringtemplate-3.2.1.jar  
  inflating: target/clipper/lib/antlr-2.7.7.jar  
  inflating: target/clipper/lib/jung2-2.0.1.pom  
  inflating: target/clipper/lib/jung-graph-impl-2.0.1.jar  
  inflating: target/clipper/lib/jung-api-2.0.1.jar  
  inflating: target/clipper/lib/collections-generic-4.01.jar  
  inflating: target/clipper/lib/sli4j-slf4j-log4j-2.0.jar  
  inflating: target/clipper/lib/sli4j-core-2.0.jar  
  inflating: target/clipper/lib/guice-2.0.jar  
  inflating: target/clipper/lib/aopalliance-1.0.jar  
  inflating: target/clipper/lib/slf4j-api-1.5.10.jar  
  inflating: target/clipper/lib/slf4j-log4j12-1.5.10.jar  
  inflating: target/clipper/lib/log4j-1.2.14.jar  
  inflating: target/clipper/lib/jung-algorithms-2.0.1.jar  
  inflating: target/clipper/lib/colt-1.2.0.jar  
  inflating: target/clipper/lib/concurrent-1.3.4.jar  
  inflating: target/clipper/lib/guava-12.0.jar  
  inflating: target/clipper/lib/jsr305-1.3.9.jar  
  inflating: target/clipper/lib/lombok-0.11.0.jar  
  inflating: target/clipper/lib/clipper-cli-0.2-SNAPSHOT.jar  
  inflating: target/clipper/lib/jcommander-1.26.jar  
[INFO] Scanning for projects...
[INFO] Searching repository for plugin with prefix: 'exec'.
[INFO] ------------------------------------------------------------------------
[INFO] Building Clipper Command Line Interface
[INFO]    task-segment: [exec:java]
[INFO] ------------------------------------------------------------------------
[INFO] Preparing exec:java
[INFO] No goals needed for project - skipping
[INFO] [exec:java {execution: default-cli}]
args[0] --> /data/lubm/el/lubmSchema_el.owl
args[1] --> /data/lubm/c_queries
[- Running experiment -]
Rewriting for query: q1.sparql
Rewriting for query: q10.sparql
Rewriting for query: q11.sparql
Rewriting for query: q12.sparql
Rewriting for query: q13.sparql
Rewriting for query: q14.sparql
Rewriting for query: q2.sparql
Rewriting for query: q3.sparql
Rewriting for query: q4.sparql
Rewriting for query: q5.sparql
Rewriting for query: q6.sparql
Rewriting for query: q7.sparql
Rewriting for query: q8.sparql
Rewriting for query: q9.sparql
Warmup: 1 Finished #####################
Rewriting for query: q1.sparql
Rewriting for query: q10.sparql
Rewriting for query: q11.sparql
Rewriting for query: q12.sparql
Rewriting for query: q13.sparql
Rewriting for query: q14.sparql
Rewriting for query: q2.sparql
Rewriting for query: q3.sparql
Rewriting for query: q4.sparql
Rewriting for query: q5.sparql
Rewriting for query: q6.sparql
Rewriting for query: q7.sparql
Rewriting for query: q8.sparql
Rewriting for query: q9.sparql
Warmup: 2 Finished #####################
Rewriting for query: q1.sparql
Rewriting for query: q10.sparql
Rewriting for query: q11.sparql
Rewriting for query: q12.sparql
Rewriting for query: q13.sparql
Rewriting for query: q14.sparql
Rewriting for query: q2.sparql
Rewriting for query: q3.sparql
Rewriting for query: q4.sparql
Rewriting for query: q5.sparql
Rewriting for query: q6.sparql
Rewriting for query: q7.sparql
Rewriting for query: q8.sparql
Rewriting for query: q9.sparql
Warmup: 3 Finished #####################
Rewriting for query: q1.sparql
Rewriting for query: q10.sparql
Rewriting for query: q11.sparql
Rewriting for query: q12.sparql
Rewriting for query: q13.sparql
Rewriting for query: q14.sparql
Rewriting for query: q2.sparql
Rewriting for query: q3.sparql
Rewriting for query: q4.sparql
Rewriting for query: q5.sparql
Rewriting for query: q6.sparql
Rewriting for query: q7.sparql
Rewriting for query: q8.sparql
Rewriting for query: q9.sparql
Warmup: 4 Finished #####################
Rewriting for query: q1.sparql
Rewriting for query: q10.sparql
Rewriting for query: q11.sparql
Rewriting for query: q12.sparql
Rewriting for query: q13.sparql
Rewriting for query: q14.sparql
Rewriting for query: q2.sparql
Rewriting for query: q3.sparql
Rewriting for query: q4.sparql
Rewriting for query: q5.sparql
Rewriting for query: q6.sparql
Rewriting for query: q7.sparql
Rewriting for query: q8.sparql
Rewriting for query: q9.sparql
Warmup: 5 Finished #####################
Rewriting for query: q1.sparql
Rewriting for query: q10.sparql
Rewriting for query: q11.sparql
Rewriting for query: q12.sparql
Rewriting for query: q13.sparql
Rewriting for query: q14.sparql
Rewriting for query: q2.sparql
Rewriting for query: q3.sparql
Rewriting for query: q4.sparql
Rewriting for query: q5.sparql
Rewriting for query: q6.sparql
Rewriting for query: q7.sparql
Rewriting for query: q8.sparql
Rewriting for query: q9.sparql
Experiment: 1 #####################
Ontology file: lubmSchema_el.owl
-------------------------------
query		rw size	reasoning time	rw time	tot rw time	eval time
q4.sparql	93	2	0	2	0
q6.sparql	92	1	0	1	0
q11.sparql	2	2	0	2	0
q14.sparql	1	2	0	2	0
q9.sparql	92	1	1	2	0
q3.sparql	17	2	1	3	0
q2.sparql	11	1	0	1	0
q10.sparql	92	1	0	1	0
q7.sparql	92	1	0	1	0
q1.sparql	1	2	0	2	0
q8.sparql	94	2	0	2	0
q5.sparql	94	2	0	2	0
q13.sparql	92	2	0	2	0
q12.sparql	93	2	0	2	0
Rewriting for query: q1.sparql
Rewriting for query: q10.sparql
Rewriting for query: q11.sparql
Rewriting for query: q12.sparql
Rewriting for query: q13.sparql
Rewriting for query: q14.sparql
Rewriting for query: q2.sparql
Rewriting for query: q3.sparql
Rewriting for query: q4.sparql
Rewriting for query: q5.sparql
Rewriting for query: q6.sparql
Rewriting for query: q7.sparql
Rewriting for query: q8.sparql
Rewriting for query: q9.sparql
Experiment: 2 #####################
Ontology file: lubmSchema_el.owl
-------------------------------
query		rw size	reasoning time	rw time	tot rw time	eval time
q4.sparql	93	2	0	2	0
q6.sparql	92	1	0	1	0
q11.sparql	2	1	0	1	0
q14.sparql	1	2	0	2	0
q9.sparql	92	2	0	2	0
q3.sparql	17	2	1	3	0
q2.sparql	11	1	1	2	0
q10.sparql	92	2	0	2	0
q7.sparql	92	1	0	1	0
q1.sparql	1	2	0	2	0
q8.sparql	94	1	1	2	0
q5.sparql	94	1	0	1	0
q13.sparql	92	2	0	2	0
q12.sparql	93	1	0	1	0
Rewriting for query: q1.sparql
Rewriting for query: q10.sparql
Rewriting for query: q11.sparql
Rewriting for query: q12.sparql
Rewriting for query: q13.sparql
Rewriting for query: q14.sparql
Rewriting for query: q2.sparql
Rewriting for query: q3.sparql
Rewriting for query: q4.sparql
Rewriting for query: q5.sparql
Rewriting for query: q6.sparql
Rewriting for query: q7.sparql
Rewriting for query: q8.sparql
Rewriting for query: q9.sparql
Experiment: 3 #####################
Ontology file: lubmSchema_el.owl
-------------------------------
query		rw size	reasoning time	rw time	tot rw time	eval time
q4.sparql	93	1	0	1	0
q6.sparql	92	1	0	1	0
q11.sparql	2	1	0	1	0
q14.sparql	1	1	0	1	0
q9.sparql	92	1	0	1	0
q3.sparql	17	1	0	1	0
q2.sparql	11	1	0	1	0
q10.sparql	92	2	0	2	0
q7.sparql	92	0	0	0	0
q1.sparql	1	2	0	2	0
q8.sparql	94	0	0	0	0
q5.sparql	94	0	0	0	0
q13.sparql	92	1	0	1	0
q12.sparql	93	1	0	1	0
Rewriting for query: q1.sparql
Rewriting for query: q10.sparql
Rewriting for query: q11.sparql
Rewriting for query: q12.sparql
Rewriting for query: q13.sparql
Rewriting for query: q14.sparql
Rewriting for query: q2.sparql
Rewriting for query: q3.sparql
Rewriting for query: q4.sparql
Rewriting for query: q5.sparql
Rewriting for query: q6.sparql
Rewriting for query: q7.sparql
Rewriting for query: q8.sparql
Rewriting for query: q9.sparql
Experiment: 4 #####################
Ontology file: lubmSchema_el.owl
-------------------------------
query		rw size	reasoning time	rw time	tot rw time	eval time
q4.sparql	93	1	0	1	0
q6.sparql	92	1	0	1	0
q11.sparql	2	0	0	0	0
q14.sparql	1	1	1	2	0
q9.sparql	92	1	1	2	0
q3.sparql	17	1	0	1	0
q2.sparql	11	0	0	0	0
q10.sparql	92	0	0	0	0
q7.sparql	92	1	0	1	0
q1.sparql	1	0	0	0	0
q8.sparql	94	1	0	1	0
q5.sparql	94	1	0	1	0
q13.sparql	92	1	0	1	0
q12.sparql	93	1	0	1	0
Rewriting for query: q1.sparql
Rewriting for query: q10.sparql
Rewriting for query: q11.sparql
Rewriting for query: q12.sparql
Rewriting for query: q13.sparql
Rewriting for query: q14.sparql
Rewriting for query: q2.sparql
Rewriting for query: q3.sparql
Rewriting for query: q4.sparql
Rewriting for query: q5.sparql
Rewriting for query: q6.sparql
Rewriting for query: q7.sparql
Rewriting for query: q8.sparql
Rewriting for query: q9.sparql
Experiment: 5 #####################
Ontology file: lubmSchema_el.owl
-------------------------------
query		rw size	reasoning time	rw time	tot rw time	eval time
q4.sparql	93	0	1	1	0
q6.sparql	92	1	0	1	0
q11.sparql	2	1	0	1	0
q14.sparql	1	0	0	0	0
q9.sparql	92	0	0	0	0
q3.sparql	17	1	0	1	0
q2.sparql	11	1	1	2	0
q10.sparql	92	1	0	1	0
q7.sparql	92	1	1	2	0
q1.sparql	1	1	0	1	0
q8.sparql	94	1	0	1	0
q5.sparql	94	1	0	1	0
q13.sparql	92	1	0	1	0
q12.sparql	93	1	1	2	0
Rewriting for query: q1.sparql
Rewriting for query: q10.sparql
Rewriting for query: q11.sparql
Rewriting for query: q12.sparql
Rewriting for query: q13.sparql
Rewriting for query: q14.sparql
Rewriting for query: q2.sparql
Rewriting for query: q3.sparql
Rewriting for query: q4.sparql
Rewriting for query: q5.sparql
Rewriting for query: q6.sparql
Rewriting for query: q7.sparql
Rewriting for query: q8.sparql
Rewriting for query: q9.sparql
Experiment: 6 #####################
Ontology file: lubmSchema_el.owl
-------------------------------
query		rw size	reasoning time	rw time	tot rw time	eval time
q4.sparql	93	1	1	2	0
q6.sparql	92	1	0	1	0
q11.sparql	2	1	0	1	0
q14.sparql	1	1	0	1	0
q9.sparql	92	1	0	1	0
q3.sparql	17	1	0	1	0
q2.sparql	11	1	0	1	0
q10.sparql	92	0	0	0	0
q7.sparql	92	0	0	0	0
q1.sparql	1	1	0	1	0
q8.sparql	94	0	0	0	0
q5.sparql	94	0	0	0	0
q13.sparql	92	1	0	1	0
q12.sparql	93	1	0	1	0
Rewriting for query: q1.sparql
Rewriting for query: q10.sparql
Rewriting for query: q11.sparql
Rewriting for query: q12.sparql
Rewriting for query: q13.sparql
Rewriting for query: q14.sparql
Rewriting for query: q2.sparql
Rewriting for query: q3.sparql
Rewriting for query: q4.sparql
Rewriting for query: q5.sparql
Rewriting for query: q6.sparql
Rewriting for query: q7.sparql
Rewriting for query: q8.sparql
Rewriting for query: q9.sparql
Experiment: 7 #####################
Ontology file: lubmSchema_el.owl
-------------------------------
query		rw size	reasoning time	rw time	tot rw time	eval time
q4.sparql	93	1	0	1	0
q6.sparql	92	1	0	1	0
q11.sparql	2	1	0	1	0
q14.sparql	1	1	0	1	0
q9.sparql	92	1	0	1	0
q3.sparql	17	1	0	1	0
q2.sparql	11	1	0	1	0
q10.sparql	92	1	0	1	0
q7.sparql	92	1	0	1	0
q1.sparql	1	0	1	1	0
q8.sparql	94	1	0	1	0
q5.sparql	94	1	0	1	0
q13.sparql	92	1	0	1	0
q12.sparql	93	1	0	1	0
Rewriting for query: q1.sparql
Rewriting for query: q10.sparql
Rewriting for query: q11.sparql
Rewriting for query: q12.sparql
Rewriting for query: q13.sparql
Rewriting for query: q14.sparql
Rewriting for query: q2.sparql
Rewriting for query: q3.sparql
Rewriting for query: q4.sparql
Rewriting for query: q5.sparql
Rewriting for query: q6.sparql
Rewriting for query: q7.sparql
Rewriting for query: q8.sparql
Rewriting for query: q9.sparql
Experiment: 8 #####################
Ontology file: lubmSchema_el.owl
-------------------------------
query		rw size	reasoning time	rw time	tot rw time	eval time
q4.sparql	93	1	1	2	0
q6.sparql	92	1	0	1	0
q11.sparql	2	1	0	1	0
q14.sparql	1	1	0	1	0
q9.sparql	92	1	0	1	0
q3.sparql	17	1	0	1	0
q2.sparql	11	1	0	1	0
q10.sparql	92	1	0	1	0
q7.sparql	92	0	0	0	0
q1.sparql	1	1	0	1	0
q8.sparql	94	0	0	0	0
q5.sparql	94	1	0	1	0
q13.sparql	92	1	0	1	0
q12.sparql	93	1	0	1	0
Rewriting for query: q1.sparql
Rewriting for query: q10.sparql
Rewriting for query: q11.sparql
Rewriting for query: q12.sparql
Rewriting for query: q13.sparql
Rewriting for query: q14.sparql
Rewriting for query: q2.sparql
Rewriting for query: q3.sparql
Rewriting for query: q4.sparql
Rewriting for query: q5.sparql
Rewriting for query: q6.sparql
Rewriting for query: q7.sparql
Rewriting for query: q8.sparql
Rewriting for query: q9.sparql
Experiment: 9 #####################
Ontology file: lubmSchema_el.owl
-------------------------------
query		rw size	reasoning time	rw time	tot rw time	eval time
q4.sparql	93	1	0	1	0
q6.sparql	92	0	0	0	0
q11.sparql	2	1	0	1	0
q14.sparql	1	1	0	1	0
q9.sparql	92	1	0	1	0
q3.sparql	17	1	0	1	0
q2.sparql	11	0	1	1	0
q10.sparql	92	1	0	1	0
q7.sparql	92	1	0	1	0
q1.sparql	1	1	0	1	0
q8.sparql	94	1	0	1	0
q5.sparql	94	1	0	1	0
q13.sparql	92	1	0	1	0
q12.sparql	93	0	1	1	0
Rewriting for query: q1.sparql
Rewriting for query: q10.sparql
Rewriting for query: q11.sparql
Rewriting for query: q12.sparql
Rewriting for query: q13.sparql
Rewriting for query: q14.sparql
Rewriting for query: q2.sparql
Rewriting for query: q3.sparql
Rewriting for query: q4.sparql
Rewriting for query: q5.sparql
Rewriting for query: q6.sparql
Rewriting for query: q7.sparql
Rewriting for query: q8.sparql
Rewriting for query: q9.sparql
Experiment: 10 #####################
Ontology file: lubmSchema_el.owl
-------------------------------
query		rw size	reasoning time	rw time	tot rw time	eval time
q4.sparql	93	1	0	1	0
q6.sparql	92	1	0	1	0
q11.sparql	2	1	0	1	0
q14.sparql	1	1	0	1	0
q9.sparql	92	1	0	1	0
q3.sparql	17	1	0	1	0
q2.sparql	11	1	1	2	0
q10.sparql	92	0	1	1	0
q7.sparql	92	1	0	1	0
q1.sparql	1	1	0	1	0
q8.sparql	94	1	0	1	0
q5.sparql	94	1	0	1	0
q13.sparql	92	1	0	1	0
q12.sparql	93	1	0	1	0



Printing Experiment Summary
query	rw size	tot rw time	eval time
-----------------------------------------------------
q4.sparql	93	1.4	0.0
-----------------------------------------------------
q6.sparql	92	0.9	0.0
-----------------------------------------------------
q11.sparql	2	1.0	0.0
-----------------------------------------------------
q14.sparql	1	1.2	0.0
-----------------------------------------------------
q9.sparql	92	1.2	0.0
-----------------------------------------------------
q3.sparql	17	1.4	0.0
-----------------------------------------------------
q2.sparql	11	1.2	0.0
-----------------------------------------------------
q10.sparql	92	1.0	0.0
-----------------------------------------------------
q7.sparql	92	0.8	0.0
-----------------------------------------------------
q1.sparql	1	1.2	0.0
-----------------------------------------------------
q8.sparql	94	0.9	0.0
-----------------------------------------------------
q5.sparql	94	0.9	0.0
-----------------------------------------------------
q13.sparql	92	1.2	0.0
-----------------------------------------------------
q12.sparql	93	1.2	0.0
[INFO] ------------------------------------------------------------------------
[INFO] BUILD SUCCESSFUL
[INFO] ------------------------------------------------------------------------
[INFO] Total time: 6 seconds
[INFO] Finished at: Wed Aug 01 12:35:10 EDT 2012
[INFO] Final Memory: 20M/595M
[INFO] ------------------------------------------------------------------------
